<?xml version="1.0" encoding="UTF-8"?>
<!-- Generated by org.testng.reporters.JUnitReportReporter -->
<testsuite hostname="BLR135CG12449R1" failures="0" tests="1" name="OwnpracticeCucumber.OwnpracticeCucumber.AppTest" time="0.005" errors="0" timestamp="2022-08-23T15:19:19 IST" skipped="0">
  <testcase classname="OwnpracticeCucumber.OwnpracticeCucumber.AppTest" name="testApp" time="0.005"/>
  <system-out/>
</testsuite> <!-- OwnpracticeCucumber.OwnpracticeCucumber.AppTest -->
